Build started 11/25/2019 10:36:24 AM.
     1>Project "C:\Users\Alex\Documents\GitHub\quake2-final\quake2-full\game\game.vcxproj" on node 2 (Build target(s)).
     1>C:\Program Files (x86)\MSBuild\Microsoft.Cpp\v4.0\V120\Microsoft.CppBuild.targets(364,5): warning MSB8004: Output Directory does not end with a trailing slash.  This build instance will add the slash as it is required to allow proper evaluation of the Output Directory.
     1>ClCompile:
         C:\Program Files (x86)\Microsoft Visual Studio 12.0\VC\bin\CL.exe /c /Z7 /nologo /W4 /WX- /O2 /Oy- /D WIN32 /D NDEBUG /D _WINDOWS /D _VC80_UPGRADE=0x0600 /D _WINDLL /GF /Gm- /EHsc /MT /GS /Gy /fp:precise /Zc:wchar_t /Zc:forScope /Fo".\release\\" /Fd".\release\vc120.pdb" /Gd /TC /analyze- /errorReport:prompt g_misc.c throwup.c
         g_misc.c
     1>g_misc.c(31): warning C4100: 'activator' : unreferenced formal parameter
     1>g_misc.c(31): warning C4100: 'other' : unreferenced formal parameter
     1>g_misc.c(104): warning C4100: 'surf' : unreferenced formal parameter
     1>g_misc.c(104): warning C4100: 'other' : unreferenced formal parameter
     1>g_misc.c(130): warning C4100: 'point' : unreferenced formal parameter
     1>g_misc.c(130): warning C4100: 'damage' : unreferenced formal parameter
     1>g_misc.c(130): warning C4100: 'attacker' : unreferenced formal parameter
     1>g_misc.c(130): warning C4100: 'inflictor' : unreferenced formal parameter
     1>g_misc.c(281): warning C4100: 'point' : unreferenced formal parameter
     1>g_misc.c(281): warning C4100: 'damage' : unreferenced formal parameter
     1>g_misc.c(281): warning C4100: 'attacker' : unreferenced formal parameter
     1>g_misc.c(281): warning C4100: 'inflictor' : unreferenced formal parameter
     1>g_misc.c(342): warning C4100: 'surf' : unreferenced formal parameter
     1>g_misc.c(342): warning C4100: 'plane' : unreferenced formal parameter
     1>g_misc.c(422): warning C4100: 'surf' : unreferenced formal parameter
     1>g_misc.c(422): warning C4100: 'plane' : unreferenced formal parameter
     1>g_misc.c(545): warning C4100: 'activator' : unreferenced formal parameter
     1>g_misc.c(545): warning C4100: 'other' : unreferenced formal parameter
     1>g_misc.c(593): warning C4100: 'activator' : unreferenced formal parameter
     1>g_misc.c(593): warning C4100: 'other' : unreferenced formal parameter
     1>g_misc.c(665): warning C4100: 'surf' : unreferenced formal parameter
     1>g_misc.c(683): warning C4100: 'activator' : unreferenced formal parameter
     1>g_misc.c(683): warning C4100: 'other' : unreferenced formal parameter
     1>g_misc.c(745): warning C4100: 'point' : unreferenced formal parameter
     1>g_misc.c(745): warning C4100: 'damage' : unreferenced formal parameter
     1>g_misc.c(809): warning C4100: 'activator' : unreferenced formal parameter
     1>g_misc.c(814): warning C4100: 'activator' : unreferenced formal parameter
     1>g_misc.c(814): warning C4100: 'other' : unreferenced formal parameter
     1>g_misc.c(873): warning C4100: 'surf' : unreferenced formal parameter
     1>g_misc.c(873): warning C4100: 'plane' : unreferenced formal parameter
     1>g_misc.c(966): warning C4100: 'point' : unreferenced formal parameter
     1>g_misc.c(966): warning C4100: 'damage' : unreferenced formal parameter
     1>g_misc.c(966): warning C4100: 'inflictor' : unreferenced formal parameter
     1>g_misc.c(1021): warning C4100: 'activator' : unreferenced formal parameter
     1>g_misc.c(1021): warning C4100: 'other' : unreferenced formal parameter
     1>g_misc.c(1157): warning C4100: 'activator' : unreferenced formal parameter
     1>g_misc.c(1157): warning C4100: 'other' : unreferenced formal parameter
     1>g_misc.c(1217): warning C4100: 'point' : unreferenced formal parameter
     1>g_misc.c(1217): warning C4100: 'attacker' : unreferenced formal parameter
     1>g_misc.c(1217): warning C4100: 'inflictor' : unreferenced formal parameter
     1>g_misc.c(1330): warning C4100: 'surf' : unreferenced formal parameter
     1>g_misc.c(1330): warning C4100: 'plane' : unreferenced formal parameter
     1>g_misc.c(1330): warning C4100: 'other' : unreferenced formal parameter
     1>g_misc.c(1358): warning C4100: 'other' : unreferenced formal parameter
     1>g_misc.c(1452): warning C4100: 'activator' : unreferenced formal parameter
     1>g_misc.c(1452): warning C4100: 'other' : unreferenced formal parameter
     1>g_misc.c(1577): warning C4100: 'activator' : unreferenced formal parameter
     1>g_misc.c(1577): warning C4100: 'other' : unreferenced formal parameter
     1>g_misc.c(1700): warning C4996: 'localtime': This function or variable may be unsafe. Consider using localtime_s instead. To disable deprecation, use _CRT_SECURE_NO_WARNINGS. See online help for details.
                 C:\Program Files (x86)\Microsoft Visual Studio 12.0\VC\include\time.inl(112) : see declaration of 'localtime'
     1>g_misc.c(1740): warning C4100: 'other' : unreferenced formal parameter
     1>g_misc.c(1783): warning C4100: 'surf' : unreferenced formal parameter
     1>g_misc.c(1783): warning C4100: 'plane' : unreferenced formal parameter
     1>g_misc.c(1904): warning C4002: too many actual parameters for macro 'random'
     1>g_misc.c(1905): warning C4002: too many actual parameters for macro 'random'
     1>g_misc.c(1906): warning C4002: too many actual parameters for macro 'random'
     1>g_misc.c(1878): warning C4100: 'ent' : unreferenced formal parameter
         throwup.c
     1>throwup.c(50): warning C4133: 'function' : incompatible types - from 'edict_t *' to 'char *'
     1>throwup.c(50): warning C4020: 'function through pointer' : too many actual parameters
     1>throwup.c(52): warning C4133: 'function' : incompatible types - from 'edict_t *' to 'char *'
     1>throwup.c(52): warning C4020: 'function through pointer' : too many actual parameters
     1>throwup.c(54): warning C4133: 'function' : incompatible types - from 'edict_t *' to 'char *'
     1>throwup.c(54): warning C4020: 'function through pointer' : too many actual parameters
     1>throwup.c(56): warning C4133: 'function' : incompatible types - from 'edict_t *' to 'char *'
     1>throwup.c(56): warning C4020: 'function through pointer' : too many actual parameters
     1>throwup.c(58): warning C4133: 'function' : incompatible types - from 'edict_t *' to 'char *'
     1>throwup.c(58): warning C4020: 'function through pointer' : too many actual parameters
     1>throwup.c(60): warning C4133: 'function' : incompatible types - from 'edict_t *' to 'char *'
     1>throwup.c(60): warning C4020: 'function through pointer' : too many actual parameters
     1>throwup.c(62): warning C4133: 'function' : incompatible types - from 'edict_t *' to 'char *'
     1>throwup.c(62): warning C4020: 'function through pointer' : too many actual parameters
     1>throwup.c(64): warning C4133: 'function' : incompatible types - from 'edict_t *' to 'char *'
     1>throwup.c(64): warning C4020: 'function through pointer' : too many actual parameters
         Generating Code...
       Link:
         C:\Program Files (x86)\Microsoft Visual Studio 12.0\VC\bin\link.exe /ERRORREPORT:PROMPT /OUT:"..\..\Mods\gamex86.dll" /INCREMENTAL:NO /NOLOGO winmm.lib kernel32.lib user32.lib gdi32.lib winspool.lib comdlg32.lib advapi32.lib shell32.lib ole32.lib oleaut32.lib uuid.lib odbc32.lib odbccp32.lib /DEF:".\game.def" /MANIFEST /MANIFESTUAC:"level='asInvoker' uiAccess='false'" /manifest:embed /PDB:"..\..\Mods\gamex86.pdb" /SUBSYSTEM:WINDOWS /TLBID:1 /BASE:"0x20000000" /DYNAMICBASE /NXCOMPAT /IMPLIB:".\..\release\gamex86.lib" /MACHINE:X86 /SAFESEH /DLL .\release\g_ai.obj
         .\release\g_chase.obj
         .\release\g_cmds.obj
         .\release\g_combat.obj
         .\release\g_func.obj
         .\release\g_items.obj
         .\release\g_main.obj
         .\release\g_misc.obj
         .\release\g_monster.obj
         .\release\g_phys.obj
         .\release\g_save.obj
         .\release\g_spawn.obj
         .\release\g_svcmds.obj
         .\release\g_target.obj
         .\release\g_trigger.obj
         .\release\g_turret.obj
         .\release\g_utils.obj
         .\release\g_weapon.obj
         .\release\m_actor.obj
         .\release\m_berserk.obj
         .\release\m_boss2.obj
         .\release\m_boss3.obj
         .\release\m_boss31.obj
         .\release\m_boss32.obj
         .\release\m_brain.obj
         .\release\m_chick.obj
         .\release\m_flash.obj
         .\release\m_flipper.obj
         .\release\m_float.obj
         .\release\m_flyer.obj
         .\release\m_gladiator.obj
         .\release\m_gunner.obj
         .\release\m_hover.obj
         .\release\m_infantry.obj
         .\release\m_insane.obj
         .\release\m_medic.obj
         .\release\m_move.obj
         .\release\m_mutant.obj
         .\release\m_parasite.obj
         .\release\m_soldier.obj
         .\release\m_supertank.obj
         .\release\m_tank.obj
         .\release\p_client.obj
         .\release\p_hud.obj
         .\release\p_trail.obj
         .\release\p_view.obj
         .\release\p_weapon.obj
         .\release\q_shared.obj
         .\release\throwup.obj
            Creating library .\..\release\gamex86.lib and object .\..\release\gamex86.exp
         game.vcxproj -> C:\Users\Alex\Documents\GitHub\quake2-final\quake2-full\game\..\..\Mods\gamex86.dll
     1>Done Building Project "C:\Users\Alex\Documents\GitHub\quake2-final\quake2-full\game\game.vcxproj" (Build target(s)).

Build succeeded.

Time Elapsed 00:00:01.36
