<<<<<<< HEAD
<<<<<<< HEAD
﻿Build started 11/19/2019 11:00:41 PM.
     1>Project "C:\Users\Alex\Documents\GitHub\quake2-final\quake2-full\quake2.vcxproj" on node 3 (Build target(s)).
=======
﻿Build started 11/21/2019 4:21:08 PM.
     1>Project "C:\Users\Alex\Documents\GitHub\quake2-final\quake2-full\quake2.vcxproj" on node 2 (Build target(s)).
>>>>>>> VomitAttack
=======
﻿Build started 11/13/2019 12:01:31 AM.
     1>Project "C:\Users\Alex\Documents\GitHub\quake2-final\quake2-full\quake2.vcxproj" on node 3 (Build target(s)).
>>>>>>> SonicRailgun
     1>C:\Program Files (x86)\MSBuild\Microsoft.Cpp\v4.0\V120\Microsoft.CppBuild.targets(364,5): warning MSB8004: Output Directory does not end with a trailing slash.  This build instance will add the slash as it is required to allow proper evaluation of the Output Directory.
     1>C:\Program Files (x86)\MSBuild\Microsoft.Cpp\v4.0\V120\Microsoft.CppBuild.targets(1193,5): warning MSB8012: TargetPath(C:\Users\Alex\Documents\GitHub\quake2-final\quake2-full\..\Mods\quake2.exe) does not match the Linker's OutputFile property value (C:\Users\Alex\Documents\GitHub\quake2-final\quake2-full\release\quake2.exe). This may cause your project to build incorrectly. To correct this, please make sure that $(OutDir), $(TargetName) and $(TargetExt) property values match the value specified in %(Link.OutputFile).
     1>Link:
         C:\Program Files (x86)\Microsoft Visual Studio 12.0\VC\bin\link.exe /ERRORREPORT:PROMPT /OUT:".\release\quake2.exe" /INCREMENTAL:NO /NOLOGO winmm.lib wsock32.lib kernel32.lib user32.lib gdi32.lib winspool.lib comdlg32.lib advapi32.lib shell32.lib ole32.lib oleaut32.lib uuid.lib odbc32.lib odbccp32.lib /MANIFEST /MANIFESTUAC:"level='asInvoker' uiAccess='false'" /manifest:embed /PDB:"..\Mods\quake2.pdb" /SUBSYSTEM:WINDOWS /TLBID:1 /DYNAMICBASE /NXCOMPAT /IMPLIB:"..\Mods\quake2.lib" /MACHINE:X86 /SAFESEH .\release\q2.res
         .\release\cl_cin.obj
         .\release\cl_ents.obj
         .\release\cl_fx.obj
         .\release\cl_input.obj
         .\release\cl_inv.obj
         .\release\cl_main.obj
         .\release\cl_newfx.obj
         .\release\cl_parse.obj
         .\release\cl_pred.obj
         .\release\cl_scrn.obj
         .\release\cl_tent.obj
         .\release\cl_view.obj
         .\release\console.obj
         .\release\keys.obj
         .\release\menu.obj
         .\release\qmenu.obj
         .\release\snd_dma.obj
         .\release\snd_mem.obj
         .\release\snd_mix.obj
         .\release\x86.obj
         .\release\m_flash.obj
         .\release\q_shared.obj
         .\release\cmd.obj
         .\release\cmodel.obj
         .\release\common.obj
         .\release\crc.obj
         .\release\cvar.obj
         .\release\files.obj
         .\release\md4.obj
         .\release\net_chan.obj
         .\release\pmove.obj
         .\release\sv_ccmds.obj
         .\release\sv_ents.obj
         .\release\sv_game.obj
         .\release\sv_init.obj
         .\release\sv_main.obj
         .\release\sv_send.obj
         .\release\sv_user.obj
         .\release\sv_world.obj
         .\release\cd_win.obj
         .\release\conproc.obj
         .\release\in_win.obj
         .\release\net_wins.obj
         .\release\q_shwin.obj
         .\release\snd_win.obj
         .\release\sys_win.obj
         .\release\vid_dll.obj
         .\release\vid_menu.obj
         quake2.vcxproj -> C:\Users\Alex\Documents\GitHub\quake2-final\quake2-full\..\Mods\quake2.exe
     1>Done Building Project "C:\Users\Alex\Documents\GitHub\quake2-final\quake2-full\quake2.vcxproj" (Build target(s)).

Build succeeded.

<<<<<<< HEAD
<<<<<<< HEAD
Time Elapsed 00:00:00.22
=======
Time Elapsed 00:00:00.64
>>>>>>> VomitAttack
=======
Time Elapsed 00:00:00.49
>>>>>>> SonicRailgun
